<?xml version="1.0" encoding="UTF-8"?>
<testng-results total="1" passed="1" failed="0" skipped="0">
  <reporter-output>
  </reporter-output>
  <suite started-at="2021-02-04T21:53:20Z" name="Default suite" finished-at="2021-02-04T21:53:34Z" duration-ms="13851">
    <groups>
    </groups>
    <test started-at="2021-02-04T21:53:20Z" name="Default test" finished-at="2021-02-04T21:53:34Z" duration-ms="13851">
      <class name="com.AP.tests.SendToFriendTest2">
        <test-method is-config="true" signature="beforeTest()[pri:0, instance:com.AP.tests.SendToFriendTest2@47f08b81]" started-at="2021-02-04T16:53:20Z" name="beforeTest" finished-at="2021-02-04T16:53:22Z" duration-ms="1772" status="PASS">
          <reporter-output>
          </reporter-output>
        </test-method> <!-- beforeTest -->
        <test-method signature="TestCase1()[pri:0, instance:com.AP.tests.SendToFriendTest2@47f08b81]" started-at="2021-02-04T16:53:22Z" name="TestCase1" finished-at="2021-02-04T16:53:34Z" duration-ms="11987" status="PASS">
          <reporter-output>
          </reporter-output>
        </test-method> <!-- TestCase1 -->
        <test-method is-config="true" signature="CloseTest()[pri:0, instance:com.AP.tests.SendToFriendTest2@47f08b81]" started-at="2021-02-04T16:53:34Z" name="CloseTest" finished-at="2021-02-04T16:53:34Z" duration-ms="78" status="PASS">
          <reporter-output>
          </reporter-output>
        </test-method> <!-- CloseTest -->
      </class> <!-- com.AP.tests.SendToFriendTest2 -->
    </test> <!-- Default test -->
  </suite> <!-- Default suite -->
</testng-results>
